<?xml version="1.0" encoding="UTF-8"?>
<testng-results ignored="0" total="3" passed="3" failed="0" skipped="0">
  <reporter-output>
  </reporter-output>
  <suite started-at="2024-07-03T11:01:43 IST" name="Default suite" finished-at="2024-07-03T11:01:51 IST" duration-ms="7570">
    <groups>
    </groups>
    <test started-at="2024-07-03T11:01:43 IST" name="Default test" finished-at="2024-07-03T11:01:51 IST" duration-ms="7570">
      <class name="com.maveric.project.test.SecuredFakeApiTest">
        <test-method is-config="true" signature="setUpAPIEnv()[pri:0, instance:com.maveric.project.test.SecuredFakeApiTest@6fdbe764]" started-at="2024-07-03T11:01:43 IST" name="setUpAPIEnv" finished-at="2024-07-03T11:01:44 IST" duration-ms="365" status="PASS">
          <reporter-output>
          </reporter-output>
        </test-method> <!-- setUpAPIEnv -->
        <test-method is-config="true" signature="setUpAuthEnv()[pri:0, instance:com.maveric.project.test.SecuredFakeApiTest@6fdbe764]" started-at="2024-07-03T11:01:44 IST" name="setUpAuthEnv" finished-at="2024-07-03T11:01:47 IST" duration-ms="2848" status="PASS">
          <reporter-output>
          </reporter-output>
        </test-method> <!-- setUpAuthEnv -->
        <test-method signature="test1()[pri:0, instance:com.maveric.project.test.SecuredFakeApiTest@6fdbe764]" started-at="2024-07-03T11:01:47 IST" name="test1" finished-at="2024-07-03T11:01:49 IST" duration-ms="2036" status="PASS">
          <reporter-output>
          </reporter-output>
        </test-method> <!-- test1 -->
        <test-method signature="test2()[pri:0, instance:com.maveric.project.test.SecuredFakeApiTest@6fdbe764]" started-at="2024-07-03T11:01:49 IST" name="test2" finished-at="2024-07-03T11:01:49 IST" duration-ms="755" status="PASS">
          <reporter-output>
          </reporter-output>
        </test-method> <!-- test2 -->
        <test-method signature="test3()[pri:0, instance:com.maveric.project.test.SecuredFakeApiTest@6fdbe764]" started-at="2024-07-03T11:01:49 IST" name="test3" finished-at="2024-07-03T11:01:51 IST" duration-ms="1506" status="PASS">
          <reporter-output>
          </reporter-output>
        </test-method> <!-- test3 -->
      </class> <!-- com.maveric.project.test.SecuredFakeApiTest -->
    </test> <!-- Default test -->
  </suite> <!-- Default suite -->
</testng-results>
