<?xml version="1.0" encoding="UTF-8"?>
<testng-results ignored="0" total="2" passed="2" failed="0" skipped="0">
  <reporter-output>
  </reporter-output>
  <suite started-at="2024-07-03T10:36:41 IST" name="Default suite" finished-at="2024-07-03T10:36:48 IST" duration-ms="6310">
    <groups>
    </groups>
    <test started-at="2024-07-03T10:36:41 IST" name="Default test" finished-at="2024-07-03T10:36:48 IST" duration-ms="6310">
      <class name="com.maveric.project.test.SecuredFakeApiTest">
        <test-method is-config="true" signature="setUpAPIEnv()[pri:0, instance:com.maveric.project.test.SecuredFakeApiTest@3646a422]" started-at="2024-07-03T10:36:42 IST" name="setUpAPIEnv" finished-at="2024-07-03T10:36:42 IST" duration-ms="438" status="PASS">
          <reporter-output>
          </reporter-output>
        </test-method> <!-- setUpAPIEnv -->
        <test-method is-config="true" signature="setUpAuthEnv()[pri:0, instance:com.maveric.project.test.SecuredFakeApiTest@3646a422]" started-at="2024-07-03T10:36:42 IST" name="setUpAuthEnv" finished-at="2024-07-03T10:36:45 IST" duration-ms="2982" status="PASS">
          <reporter-output>
          </reporter-output>
        </test-method> <!-- setUpAuthEnv -->
        <test-method signature="test1()[pri:0, instance:com.maveric.project.test.SecuredFakeApiTest@3646a422]" started-at="2024-07-03T10:36:45 IST" name="test1" finished-at="2024-07-03T10:36:47 IST" duration-ms="2084" status="PASS">
          <reporter-output>
          </reporter-output>
        </test-method> <!-- test1 -->
        <test-method signature="test2()[pri:0, instance:com.maveric.project.test.SecuredFakeApiTest@3646a422]" started-at="2024-07-03T10:36:47 IST" name="test2" finished-at="2024-07-03T10:36:48 IST" duration-ms="757" status="PASS">
          <reporter-output>
          </reporter-output>
        </test-method> <!-- test2 -->
      </class> <!-- com.maveric.project.test.SecuredFakeApiTest -->
    </test> <!-- Default test -->
  </suite> <!-- Default suite -->
</testng-results>
