<?xml version="1.0" encoding="UTF-8"?>
<!-- Generated by org.testng.reporters.JUnitXMLReporter -->
<testsuite ignored="0" hostname="MAVPUN0522057" failures="0" tests="3" name="Default test" time="7.57" errors="0" timestamp="2024-07-03T11:01:51 IST">
  <testcase classname="com.maveric.project.test.SecuredFakeApiTest" name="test1" time="2.036"/>
  <testcase classname="com.maveric.project.test.SecuredFakeApiTest" name="test2" time="0.755"/>
  <testcase classname="com.maveric.project.test.SecuredFakeApiTest" name="test3" time="1.506"/>
</testsuite> <!-- Default test -->
