<?xml version="1.0" encoding="UTF-8"?>
<!-- Generated by org.testng.reporters.JUnitXMLReporter -->
<testsuite ignored="0" hostname="MAVPUN0522057" failures="0" tests="15" name="Default test" time="13.534" errors="0" timestamp="2024-07-11T12:20:37 IST">
  <testcase classname="com.maveric.project.test.RestApiTest" name="test1" time="1.277"/>
  <testcase classname="com.maveric.project.test.RestApiTest" name="test10" time="0.759"/>
  <testcase classname="com.maveric.project.test.RestApiTest" name="test11" time="1.04"/>
  <testcase classname="com.maveric.project.test.RestApiTest" name="test12" time="0.76"/>
  <testcase classname="com.maveric.project.test.RestApiTest" name="test13" time="0.726"/>
  <testcase classname="com.maveric.project.test.RestApiTest" name="test14" time="0.721"/>
  <testcase classname="com.maveric.project.test.RestApiTest" name="test15" time="3.671"/>
  <testcase classname="com.maveric.project.test.RestApiTest" name="test2" time="0.154"/>
  <testcase classname="com.maveric.project.test.RestApiTest" name="test3" time="0.765"/>
  <testcase classname="com.maveric.project.test.RestApiTest" name="test4" time="0.16"/>
  <testcase classname="com.maveric.project.test.RestApiTest" name="test5" time="0.094"/>
  <testcase classname="com.maveric.project.test.RestApiTest" name="test6" time="0.683"/>
  <testcase classname="com.maveric.project.test.RestApiTest" name="test7" time="0.797"/>
  <testcase classname="com.maveric.project.test.RestApiTest" name="test8" time="0.71"/>
  <testcase classname="com.maveric.project.test.RestApiTest" name="test9" time="0.746"/>
</testsuite> <!-- Default test -->
