<?xml version="1.0" encoding="UTF-8"?>
<!-- Generated by org.testng.reporters.JUnitXMLReporter -->
<testsuite ignored="0" hostname="MAVPUN0522057" failures="0" tests="2" name="Default test" time="0.07" errors="0" timestamp="2024-06-18T12:45:00 IST">
  <testcase classname="com.maveric.project.SampleTestClass1" name="sampleTest1TestScenario1" time="0.004"/>
  <testcase classname="com.maveric.project.SampleTestClass1" name="sampleTest2TestScenario2" time="0.001"/>
</testsuite> <!-- Default test -->
