<?xml version="1.0" encoding="UTF-8"?>
<testng-results ignored="0" total="15" passed="15" failed="0" skipped="0">
  <reporter-output>
  </reporter-output>
  <suite started-at="2024-07-11T12:20:23 IST" name="Default suite" finished-at="2024-07-11T12:20:37 IST" duration-ms="13534">
    <groups>
    </groups>
    <test started-at="2024-07-11T12:20:23 IST" name="Default test" finished-at="2024-07-11T12:20:37 IST" duration-ms="13534">
      <class name="com.maveric.project.test.RestApiTest">
        <test-method is-config="true" signature="setUpEnv()[pri:0, instance:com.maveric.project.test.RestApiTest@5824a83d]" started-at="2024-07-11T12:20:23 IST" name="setUpEnv" finished-at="2024-07-11T12:20:24 IST" duration-ms="385" status="PASS">
          <reporter-output>
          </reporter-output>
        </test-method> <!-- setUpEnv -->
        <test-method signature="test1()[pri:0, instance:com.maveric.project.test.RestApiTest@5824a83d]" started-at="2024-07-11T12:20:24 IST" name="test1" finished-at="2024-07-11T12:20:25 IST" duration-ms="1277" status="PASS">
          <reporter-output>
          </reporter-output>
        </test-method> <!-- test1 -->
        <test-method signature="test10()[pri:0, instance:com.maveric.project.test.RestApiTest@5824a83d]" started-at="2024-07-11T12:20:25 IST" name="test10" finished-at="2024-07-11T12:20:26 IST" duration-ms="759" status="PASS">
          <reporter-output>
          </reporter-output>
        </test-method> <!-- test10 -->
        <test-method signature="test11()[pri:0, instance:com.maveric.project.test.RestApiTest@5824a83d]" started-at="2024-07-11T12:20:26 IST" name="test11" finished-at="2024-07-11T12:20:27 IST" duration-ms="1040" status="PASS">
          <reporter-output>
          </reporter-output>
        </test-method> <!-- test11 -->
        <test-method signature="test12()[pri:0, instance:com.maveric.project.test.RestApiTest@5824a83d]" started-at="2024-07-11T12:20:27 IST" name="test12" finished-at="2024-07-11T12:20:28 IST" duration-ms="760" status="PASS">
          <reporter-output>
          </reporter-output>
        </test-method> <!-- test12 -->
        <test-method signature="test13()[pri:0, instance:com.maveric.project.test.RestApiTest@5824a83d]" started-at="2024-07-11T12:20:28 IST" name="test13" finished-at="2024-07-11T12:20:28 IST" duration-ms="726" status="PASS">
          <reporter-output>
          </reporter-output>
        </test-method> <!-- test13 -->
        <test-method signature="test14()[pri:0, instance:com.maveric.project.test.RestApiTest@5824a83d]" started-at="2024-07-11T12:20:28 IST" name="test14" finished-at="2024-07-11T12:20:29 IST" duration-ms="721" status="PASS">
          <reporter-output>
          </reporter-output>
        </test-method> <!-- test14 -->
        <test-method signature="test15()[pri:0, instance:com.maveric.project.test.RestApiTest@5824a83d]" started-at="2024-07-11T12:20:29 IST" name="test15" finished-at="2024-07-11T12:20:33 IST" duration-ms="3671" status="PASS">
          <reporter-output>
          </reporter-output>
        </test-method> <!-- test15 -->
        <test-method signature="test2()[pri:0, instance:com.maveric.project.test.RestApiTest@5824a83d]" started-at="2024-07-11T12:20:33 IST" name="test2" finished-at="2024-07-11T12:20:33 IST" duration-ms="154" status="PASS">
          <reporter-output>
          </reporter-output>
        </test-method> <!-- test2 -->
        <test-method signature="test3()[pri:0, instance:com.maveric.project.test.RestApiTest@5824a83d]" started-at="2024-07-11T12:20:33 IST" name="test3" finished-at="2024-07-11T12:20:34 IST" duration-ms="765" status="PASS">
          <reporter-output>
          </reporter-output>
        </test-method> <!-- test3 -->
        <test-method signature="test4()[pri:0, instance:com.maveric.project.test.RestApiTest@5824a83d]" started-at="2024-07-11T12:20:34 IST" name="test4" finished-at="2024-07-11T12:20:34 IST" duration-ms="160" status="PASS">
          <reporter-output>
          </reporter-output>
        </test-method> <!-- test4 -->
        <test-method signature="test5()[pri:0, instance:com.maveric.project.test.RestApiTest@5824a83d]" started-at="2024-07-11T12:20:34 IST" name="test5" finished-at="2024-07-11T12:20:34 IST" duration-ms="94" status="PASS">
          <reporter-output>
          </reporter-output>
        </test-method> <!-- test5 -->
        <test-method signature="test6()[pri:0, instance:com.maveric.project.test.RestApiTest@5824a83d]" started-at="2024-07-11T12:20:34 IST" name="test6" finished-at="2024-07-11T12:20:35 IST" duration-ms="683" status="PASS">
          <reporter-output>
          </reporter-output>
        </test-method> <!-- test6 -->
        <test-method signature="test7()[pri:0, instance:com.maveric.project.test.RestApiTest@5824a83d]" started-at="2024-07-11T12:20:35 IST" name="test7" finished-at="2024-07-11T12:20:35 IST" duration-ms="797" status="PASS">
          <reporter-output>
          </reporter-output>
        </test-method> <!-- test7 -->
        <test-method signature="test8()[pri:0, instance:com.maveric.project.test.RestApiTest@5824a83d]" started-at="2024-07-11T12:20:35 IST" name="test8" finished-at="2024-07-11T12:20:36 IST" duration-ms="710" status="PASS">
          <reporter-output>
          </reporter-output>
        </test-method> <!-- test8 -->
        <test-method signature="test9()[pri:0, instance:com.maveric.project.test.RestApiTest@5824a83d]" started-at="2024-07-11T12:20:36 IST" name="test9" finished-at="2024-07-11T12:20:37 IST" duration-ms="746" status="PASS">
          <reporter-output>
          </reporter-output>
        </test-method> <!-- test9 -->
        <test-method is-config="true" signature="tearDownEnv()[pri:0, instance:com.maveric.project.test.RestApiTest@5824a83d]" started-at="2024-07-11T12:20:37 IST" name="tearDownEnv" finished-at="2024-07-11T12:20:37 IST" duration-ms="2" status="PASS">
          <reporter-output>
          </reporter-output>
        </test-method> <!-- tearDownEnv -->
      </class> <!-- com.maveric.project.test.RestApiTest -->
    </test> <!-- Default test -->
  </suite> <!-- Default suite -->
</testng-results>
