<?xml version="1.0" encoding="UTF-8"?>
<testng-results ignored="0" total="2" passed="2" failed="0" skipped="0">
  <reporter-output>
  </reporter-output>
  <suite started-at="2024-06-20T17:02:01 IST" name="GitApp" finished-at="2024-06-20T17:02:13 IST" duration-ms="11523">
    <groups>
    </groups>
    <test started-at="2024-06-20T17:02:01 IST" name="ChromeTest" finished-at="2024-06-20T17:02:13 IST" duration-ms="11523">
      <class name="com.maveric.git.test.LoginTest">
        <test-method is-config="true" signature="setSupTestEnv()[pri:0, instance:com.maveric.git.test.LoginTest@783a467b]" started-at="2024-06-20T17:02:01 IST" name="setSupTestEnv" finished-at="2024-06-20T17:02:05 IST" duration-ms="4199" status="PASS">
          <reporter-output>
          </reporter-output>
        </test-method> <!-- setSupTestEnv -->
        <test-method signature="test1()[pri:0, instance:com.maveric.git.test.LoginTest@783a467b]" started-at="2024-06-20T17:02:05 IST" name="test1" finished-at="2024-06-20T17:02:06 IST" duration-ms="901" status="PASS">
          <reporter-output>
          </reporter-output>
        </test-method> <!-- test1 -->
        <test-method is-config="true" signature="tearDownTestEnv()[pri:0, instance:com.maveric.git.test.LoginTest@783a467b]" started-at="2024-06-20T17:02:06 IST" name="tearDownTestEnv" finished-at="2024-06-20T17:02:07 IST" duration-ms="706" status="PASS">
          <reporter-output>
          </reporter-output>
        </test-method> <!-- tearDownTestEnv -->
        <test-method is-config="true" signature="setSupTestEnv()[pri:0, instance:com.maveric.git.test.LoginTest@783a467b]" started-at="2024-06-20T17:02:07 IST" name="setSupTestEnv" finished-at="2024-06-20T17:02:10 IST" duration-ms="3401" status="PASS">
          <reporter-output>
          </reporter-output>
        </test-method> <!-- setSupTestEnv -->
        <test-method signature="test2()[pri:0, instance:com.maveric.git.test.LoginTest@783a467b]" started-at="2024-06-20T17:02:10 IST" name="test2" finished-at="2024-06-20T17:02:12 IST" duration-ms="1594" status="PASS">
          <reporter-output>
          </reporter-output>
        </test-method> <!-- test2 -->
        <test-method is-config="true" signature="tearDownTestEnv()[pri:0, instance:com.maveric.git.test.LoginTest@783a467b]" started-at="2024-06-20T17:02:12 IST" name="tearDownTestEnv" finished-at="2024-06-20T17:02:13 IST" duration-ms="665" status="PASS">
          <reporter-output>
          </reporter-output>
        </test-method> <!-- tearDownTestEnv -->
      </class> <!-- com.maveric.git.test.LoginTest -->
    </test> <!-- ChromeTest -->
  </suite> <!-- GitApp -->
</testng-results>
